<?xml version="1.0" encoding="UTF-8"?>
<!-- Generated by org.testng.reporters.JUnitReportReporter -->
<testsuite hostname="LT-CHN-33875" name="TestSute.ManualEntry" tests="70" failures="1" timestamp="21 Mar 2021 07:05:13 GMT" time="100.295" errors="0">
  <testcase name="itemTypeFields" time="1.527" classname="TestSute.ManualEntry"/>
  <testcase name="itemTypeFields" time="1.422" classname="TestSute.ManualEntry"/>
  <testcase name="itemTypeFields" time="1.365" classname="TestSute.ManualEntry"/>
  <testcase name="itemTypeCreatorTypes" time="1.360" classname="TestSute.ManualEntry"/>
  <testcase name="itemTypeFields" time="1.481" classname="TestSute.ManualEntry"/>
  <testcase name="itemTypeFields" time="1.347" classname="TestSute.ManualEntry"/>
  <testcase name="itemTypeCreatorTypes" time="1.346" classname="TestSute.ManualEntry"/>
  <testcase name="itemTypeCreatorTypes" time="1.322" classname="TestSute.ManualEntry"/>
  <testcase name="itemTypeCreatorTypes" time="1.325" classname="TestSute.ManualEntry"/>
  <testcase name="itemTypeFields" time="1.478" classname="TestSute.ManualEntry"/>
  <testcase name="itemTypeCreatorTypes" time="1.504" classname="TestSute.ManualEntry">
    <failure type="io.restassured.path.json.exception.JsonPathException" message="Failed to parse the JSON document">
      <![CDATA[io.restassured.path.json.exception.JsonPathException: Failed to parse the JSON document
	at io.restassured.path.json.JsonPath$ExceptionCatcher.invoke(JsonPath.java:930)
	at io.restassured.path.json.JsonPath$4.doParseWith(JsonPath.java:895)
	at io.restassured.path.json.JsonPath$JsonParser.parseWith(JsonPath.java:975)
	at io.restassured.path.json.JsonPath.get(JsonPath.java:201)
	at TestSute.ManualEntry.itemTypeCreatorTypes(ManualEntry.java:176)
	at sun.reflect.GeneratedMethodAccessor146.invoke(Unknown Source)
	at sun.reflect.DelegatingMethodAccessorImpl.invoke(Unknown Source)
	at java.lang.reflect.Method.invoke(Unknown Source)
	at org.testng.internal.MethodInvocationHelper.invokeMethod(MethodInvocationHelper.java:80)
	at org.testng.internal.Invoker.invokeMethod(Invoker.java:714)
	at org.testng.internal.Invoker.invokeTestMethod(Invoker.java:901)
	at org.testng.internal.Invoker.invokeTestMethods(Invoker.java:1231)
	at org.testng.internal.TestMethodWorker.invokeTestMethods(TestMethodWorker.java:127)
	at org.testng.internal.TestMethodWorker.run(TestMethodWorker.java:111)
	at org.testng.TestRunner.privateRun(TestRunner.java:767)
	at org.testng.TestRunner.run(TestRunner.java:617)
	at org.testng.SuiteRunner.runTest(SuiteRunner.java:334)
	at org.testng.SuiteRunner.runSequentially(SuiteRunner.java:329)
	at org.testng.SuiteRunner.privateRun(SuiteRunner.java:291)
	at org.testng.SuiteRunner.run(SuiteRunner.java:240)
	at org.testng.SuiteRunnerWorker.runSuite(SuiteRunnerWorker.java:52)
	at org.testng.SuiteRunnerWorker.run(SuiteRunnerWorker.java:86)
	at org.testng.TestNG.runSuitesSequentially(TestNG.java:1198)
	at org.testng.TestNG.runSuitesLocally(TestNG.java:1123)
	at org.testng.TestNG.run(TestNG.java:1031)
	at org.testng.remote.AbstractRemoteTestNG.run(AbstractRemoteTestNG.java:114)
	at org.testng.remote.RemoteTestNG.initAndRun(RemoteTestNG.java:251)
	at org.testng.remote.RemoteTestNG.main(RemoteTestNG.java:77)
Caused by: groovy.json.JsonException: Lexing failed on line: 1, column: 1, while reading '<', no possible valid JSON value or punctuation could be recognized.
	at groovy.json.JsonLexer.nextToken(JsonLexer.java:83)
	at groovy.json.JsonLexer$nextToken.call(Unknown Source)
	at io.restassured.internal.path.json.ConfigurableJsonSlurper.parse(ConfigurableJsonSlurper.groovy:97)
	at io.restassured.internal.path.json.ConfigurableJsonSlurper$parse.callCurrent(Unknown Source)
	at io.restassured.internal.path.json.ConfigurableJsonSlurper.parseText(ConfigurableJsonSlurper.groovy:83)
	at io.restassured.path.json.JsonPath$4$1.method(JsonPath.java:893)
	at io.restassured.path.json.JsonPath$ExceptionCatcher.invoke(JsonPath.java:928)
	... 27 more
]]>
    </failure>
  </testcase> <!-- itemTypeCreatorTypes -->
  <testcase name="itemTypeFields" time="1.378" classname="TestSute.ManualEntry"/>
  <testcase name="itemTypeFields" time="1.472" classname="TestSute.ManualEntry"/>
  <testcase name="itemTypeCreatorTypes" time="1.569" classname="TestSute.ManualEntry"/>
  <testcase name="itemTypeCreatorTypes" time="1.334" classname="TestSute.ManualEntry"/>
  <testcase name="itemTypeCreatorTypes" time="1.286" classname="TestSute.ManualEntry"/>
  <testcase name="itemTypeFields" time="1.622" classname="TestSute.ManualEntry"/>
  <testcase name="itemTypeCreatorTypes" time="1.341" classname="TestSute.ManualEntry"/>
  <testcase name="itemTypeFields" time="1.450" classname="TestSute.ManualEntry"/>
  <testcase name="itemTypeFields" time="1.435" classname="TestSute.ManualEntry"/>
  <testcase name="itemTypeFields" time="1.355" classname="TestSute.ManualEntry"/>
  <testcase name="itemTypeFields" time="1.408" classname="TestSute.ManualEntry"/>
  <testcase name="itemTypeCreatorTypes" time="1.335" classname="TestSute.ManualEntry"/>
  <testcase name="itemTypeCreatorTypes" time="1.329" classname="TestSute.ManualEntry"/>
  <testcase name="itemTypeFields" time="1.799" classname="TestSute.ManualEntry"/>
  <testcase name="itemTypeCreatorTypes" time="1.309" classname="TestSute.ManualEntry"/>
  <testcase name="itemTypeFields" time="3.814" classname="TestSute.ManualEntry"/>
  <testcase name="itemTypeFields" time="1.486" classname="TestSute.ManualEntry"/>
  <testcase name="itemTypeFields" time="1.460" classname="TestSute.ManualEntry"/>
  <testcase name="itemTypeCreatorTypes" time="1.322" classname="TestSute.ManualEntry"/>
  <testcase name="itemTypeCreatorTypes" time="1.364" classname="TestSute.ManualEntry"/>
  <testcase name="itemTypeCreatorTypes" time="1.338" classname="TestSute.ManualEntry"/>
  <testcase name="itemTypeCreatorTypes" time="1.316" classname="TestSute.ManualEntry"/>
  <testcase name="itemTypeCreatorTypes" time="1.298" classname="TestSute.ManualEntry"/>
  <testcase name="itemTypeFields" time="1.329" classname="TestSute.ManualEntry"/>
  <testcase name="itemTypeFields" time="1.487" classname="TestSute.ManualEntry"/>
  <testcase name="itemTypeFields" time="1.441" classname="TestSute.ManualEntry"/>
  <testcase name="itemTypeFields" time="1.476" classname="TestSute.ManualEntry"/>
  <testcase name="itemTypeCreatorTypes" time="1.323" classname="TestSute.ManualEntry"/>
  <testcase name="itemTypeFields" time="1.479" classname="TestSute.ManualEntry"/>
  <testcase name="itemTypeCreatorTypes" time="1.354" classname="TestSute.ManualEntry"/>
  <testcase name="itemTypeCreatorTypes" time="1.340" classname="TestSute.ManualEntry"/>
  <testcase name="itemTypeFields" time="1.302" classname="TestSute.ManualEntry"/>
  <testcase name="itemTypeCreatorTypes" time="1.343" classname="TestSute.ManualEntry"/>
  <testcase name="itemTypeCreatorTypes" time="1.285" classname="TestSute.ManualEntry"/>
  <testcase name="itemTypeFields" time="1.343" classname="TestSute.ManualEntry"/>
  <testcase name="itemTypeCreatorTypes" time="1.317" classname="TestSute.ManualEntry"/>
  <testcase name="itemTypeCreatorTypes" time="1.310" classname="TestSute.ManualEntry"/>
  <testcase name="itemTypeFields" time="1.455" classname="TestSute.ManualEntry"/>
  <testcase name="itemTypeCreatorTypes" time="1.374" classname="TestSute.ManualEntry"/>
  <testcase name="itemTypeCreatorTypes" time="1.361" classname="TestSute.ManualEntry"/>
  <testcase name="itemTypeFields" time="1.518" classname="TestSute.ManualEntry"/>
  <testcase name="itemTypeFields" time="1.366" classname="TestSute.ManualEntry"/>
  <testcase name="itemTypeFields" time="1.317" classname="TestSute.ManualEntry"/>
  <testcase name="itemTypeFields" time="1.512" classname="TestSute.ManualEntry"/>
  <testcase name="itemTypeCreatorTypes" time="1.346" classname="TestSute.ManualEntry"/>
  <testcase name="itemTypeFields" time="1.326" classname="TestSute.ManualEntry"/>
  <testcase name="itemTypeFields" time="1.563" classname="TestSute.ManualEntry"/>
  <testcase name="itemTypeFields" time="1.365" classname="TestSute.ManualEntry"/>
  <testcase name="itemTypeCreatorTypes" time="1.675" classname="TestSute.ManualEntry"/>
  <testcase name="itemTypeFields" time="1.500" classname="TestSute.ManualEntry"/>
  <testcase name="itemTypeFields" time="1.341" classname="TestSute.ManualEntry"/>
  <testcase name="itemTypeCreatorTypes" time="1.329" classname="TestSute.ManualEntry"/>
  <testcase name="itemTypeCreatorTypes" time="1.364" classname="TestSute.ManualEntry"/>
  <testcase name="itemTypeCreatorTypes" time="1.335" classname="TestSute.ManualEntry"/>
  <testcase name="itemTypeCreatorTypes" time="1.342" classname="TestSute.ManualEntry"/>
  <testcase name="itemTypeFields" time="1.473" classname="TestSute.ManualEntry"/>
  <testcase name="itemTypeCreatorTypes" time="1.326" classname="TestSute.ManualEntry"/>
  <testcase name="itemTypeCreatorTypes" time="1.326" classname="TestSute.ManualEntry"/>
  <testcase name="itemTypeCreatorTypes" time="1.355" classname="TestSute.ManualEntry"/>
</testsuite> <!-- TestSute.ManualEntry -->
