<?xml version="1.0" encoding="UTF-8"?>
<!-- Generated by org.testng.reporters.JUnitReportReporter -->
<testsuite hostname="LT-CHN-33875" name="TestSute.ManualEntryWithAPI" tests="71" failures="2" timestamp="21 Mar 2021 18:51:33 GMT" time="172.516" errors="0">
  <testcase name="itemTypeFields" time="1.414" classname="TestSute.ManualEntryWithAPI"/>
  <testcase name="itemTypeFields" time="1.473" classname="TestSute.ManualEntryWithAPI"/>
  <testcase name="itemTypeFields" time="1.329" classname="TestSute.ManualEntryWithAPI"/>
  <testcase name="itemTypeFields" time="1.430" classname="TestSute.ManualEntryWithAPI"/>
  <testcase name="itemTypeFields" time="1.299" classname="TestSute.ManualEntryWithAPI"/>
  <testcase name="itemTypeCreatorTypes" time="1.437" classname="TestSute.ManualEntryWithAPI"/>
  <testcase name="itemTypeCreatorTypes" time="1.299" classname="TestSute.ManualEntryWithAPI"/>
  <testcase name="itemTypeFields" time="1.434" classname="TestSute.ManualEntryWithAPI"/>
  <testcase name="itemTypeCreatorTypes" time="1.864" classname="TestSute.ManualEntryWithAPI">
    <failure type="io.restassured.path.json.exception.JsonPathException" message="Failed to parse the JSON document">
      <![CDATA[io.restassured.path.json.exception.JsonPathException: Failed to parse the JSON document
	at io.restassured.path.json.JsonPath$ExceptionCatcher.invoke(JsonPath.java:930)
	at io.restassured.path.json.JsonPath$4.doParseWith(JsonPath.java:895)
	at io.restassured.path.json.JsonPath$JsonParser.parseWith(JsonPath.java:975)
	at io.restassured.path.json.JsonPath.get(JsonPath.java:201)
	at TestSute.ManualEntryWithAPI.itemTypeCreatorTypes(ManualEntryWithAPI.java:171)
	at sun.reflect.GeneratedMethodAccessor146.invoke(Unknown Source)
	at sun.reflect.DelegatingMethodAccessorImpl.invoke(Unknown Source)
	at java.lang.reflect.Method.invoke(Unknown Source)
	at org.testng.internal.MethodInvocationHelper.invokeMethod(MethodInvocationHelper.java:80)
	at org.testng.internal.Invoker.invokeMethod(Invoker.java:714)
	at org.testng.internal.Invoker.invokeTestMethod(Invoker.java:901)
	at org.testng.internal.Invoker.invokeTestMethods(Invoker.java:1231)
	at org.testng.internal.TestMethodWorker.invokeTestMethods(TestMethodWorker.java:127)
	at org.testng.internal.TestMethodWorker.run(TestMethodWorker.java:111)
	at org.testng.TestRunner.privateRun(TestRunner.java:767)
	at org.testng.TestRunner.run(TestRunner.java:617)
	at org.testng.SuiteRunner.runTest(SuiteRunner.java:334)
	at org.testng.SuiteRunner.runSequentially(SuiteRunner.java:329)
	at org.testng.SuiteRunner.privateRun(SuiteRunner.java:291)
	at org.testng.SuiteRunner.run(SuiteRunner.java:240)
	at org.testng.SuiteRunnerWorker.runSuite(SuiteRunnerWorker.java:52)
	at org.testng.SuiteRunnerWorker.run(SuiteRunnerWorker.java:86)
	at org.testng.TestNG.runSuitesSequentially(TestNG.java:1198)
	at org.testng.TestNG.runSuitesLocally(TestNG.java:1123)
	at org.testng.TestNG.run(TestNG.java:1031)
	at org.testng.remote.AbstractRemoteTestNG.run(AbstractRemoteTestNG.java:114)
	at org.testng.remote.RemoteTestNG.initAndRun(RemoteTestNG.java:251)
	at org.testng.remote.RemoteTestNG.main(RemoteTestNG.java:77)
Caused by: groovy.json.JsonException: Lexing failed on line: 1, column: 1, while reading '<', no possible valid JSON value or punctuation could be recognized.
	at groovy.json.JsonLexer.nextToken(JsonLexer.java:83)
	at groovy.json.JsonLexer$nextToken.call(Unknown Source)
	at io.restassured.internal.path.json.ConfigurableJsonSlurper.parse(ConfigurableJsonSlurper.groovy:97)
	at io.restassured.internal.path.json.ConfigurableJsonSlurper$parse.callCurrent(Unknown Source)
	at io.restassured.internal.path.json.ConfigurableJsonSlurper.parseText(ConfigurableJsonSlurper.groovy:83)
	at io.restassured.path.json.JsonPath$4$1.method(JsonPath.java:893)
	at io.restassured.path.json.JsonPath$ExceptionCatcher.invoke(JsonPath.java:928)
	... 27 more
]]>
    </failure>
  </testcase> <!-- itemTypeCreatorTypes -->
  <testcase name="itemTypeFields" time="1.313" classname="TestSute.ManualEntryWithAPI"/>
  <testcase name="itemTypeCreatorTypes" time="1.403" classname="TestSute.ManualEntryWithAPI"/>
  <testcase name="itemTypeFields" time="1.450" classname="TestSute.ManualEntryWithAPI"/>
  <testcase name="itemTypeCreatorTypes" time="1.294" classname="TestSute.ManualEntryWithAPI"/>
  <testcase name="itemTypeCreatorTypes" time="1.315" classname="TestSute.ManualEntryWithAPI"/>
  <testcase name="itemTypeFields" time="1.333" classname="TestSute.ManualEntryWithAPI"/>
  <testcase name="itemTypeCreatorTypes" time="1.421" classname="TestSute.ManualEntryWithAPI"/>
  <testcase name="itemTypeFields" time="1.446" classname="TestSute.ManualEntryWithAPI"/>
  <testcase name="itemTypeFields" time="1.427" classname="TestSute.ManualEntryWithAPI"/>
  <testcase name="itemTypeFields" time="1.343" classname="TestSute.ManualEntryWithAPI"/>
  <testcase name="itemTypeFields" time="1.336" classname="TestSute.ManualEntryWithAPI"/>
  <testcase name="itemTypeCreatorTypes" time="1.298" classname="TestSute.ManualEntryWithAPI"/>
  <testcase name="itemTypeCreatorTypes" time="1.314" classname="TestSute.ManualEntryWithAPI"/>
  <testcase name="itemTypeCreatorTypes" time="1.301" classname="TestSute.ManualEntryWithAPI"/>
  <testcase name="itemTypeCreatorTypes" time="1.394" classname="TestSute.ManualEntryWithAPI"/>
  <testcase name="itemTypeFields" time="1.592" classname="TestSute.ManualEntryWithAPI"/>
  <testcase name="itemTypeCreatorTypes" time="1.328" classname="TestSute.ManualEntryWithAPI"/>
  <testcase name="itemTypeFields" time="3.782" classname="TestSute.ManualEntryWithAPI"/>
  <testcase name="itemTypeFields" time="1.473" classname="TestSute.ManualEntryWithAPI"/>
  <testcase name="itemTypeFields" time="1.440" classname="TestSute.ManualEntryWithAPI"/>
  <testcase name="itemTypeCreatorTypes" time="1.363" classname="TestSute.ManualEntryWithAPI"/>
  <testcase name="itemTypeCreatorTypes" time="1.330" classname="TestSute.ManualEntryWithAPI"/>
  <testcase name="itemTypeCreatorTypes" time="1.466" classname="TestSute.ManualEntryWithAPI"/>
  <testcase name="itemTypeCreatorTypes" time="1.314" classname="TestSute.ManualEntryWithAPI"/>
  <testcase name="itemTypeCreatorTypes" time="1.339" classname="TestSute.ManualEntryWithAPI"/>
  <testcase name="itemTypeCreatorTypes" time="1.336" classname="TestSute.ManualEntryWithAPI"/>
  <testcase name="itemTypeFields" time="1.315" classname="TestSute.ManualEntryWithAPI"/>
  <testcase name="itemTypeFields" time="1.921" classname="TestSute.ManualEntryWithAPI"/>
  <testcase name="itemTypeCreatorTypes" time="1.352" classname="TestSute.ManualEntryWithAPI"/>
  <testcase name="itemTypeFields" time="1.517" classname="TestSute.ManualEntryWithAPI"/>
  <testcase name="endToEnd" time="72.286" classname="TestSute.ManualEntryWithAPI">
    <failure type="io.restassured.path.json.exception.JsonPathException" message="Failed to parse the JSON document">
      <![CDATA[io.restassured.path.json.exception.JsonPathException: Failed to parse the JSON document
	at io.restassured.path.json.JsonPath$ExceptionCatcher.invoke(JsonPath.java:930)
	at io.restassured.path.json.JsonPath$4.doParseWith(JsonPath.java:895)
	at io.restassured.path.json.JsonPath$JsonParser.parseWith(JsonPath.java:975)
	at io.restassured.path.json.JsonPath.get(JsonPath.java:201)
	at TestSute.ManualEntryWithAPI.endToEnd(ManualEntryWithAPI.java:222)
	at sun.reflect.NativeMethodAccessorImpl.invoke0(Native Method)
	at sun.reflect.NativeMethodAccessorImpl.invoke(Unknown Source)
	at sun.reflect.DelegatingMethodAccessorImpl.invoke(Unknown Source)
	at java.lang.reflect.Method.invoke(Unknown Source)
	at org.testng.internal.MethodInvocationHelper.invokeMethod(MethodInvocationHelper.java:80)
	at org.testng.internal.Invoker.invokeMethod(Invoker.java:714)
	at org.testng.internal.Invoker.invokeTestMethod(Invoker.java:901)
	at org.testng.internal.Invoker.invokeTestMethods(Invoker.java:1231)
	at org.testng.internal.TestMethodWorker.invokeTestMethods(TestMethodWorker.java:127)
	at org.testng.internal.TestMethodWorker.run(TestMethodWorker.java:111)
	at org.testng.TestRunner.privateRun(TestRunner.java:767)
	at org.testng.TestRunner.run(TestRunner.java:617)
	at org.testng.SuiteRunner.runTest(SuiteRunner.java:334)
	at org.testng.SuiteRunner.runSequentially(SuiteRunner.java:329)
	at org.testng.SuiteRunner.privateRun(SuiteRunner.java:291)
	at org.testng.SuiteRunner.run(SuiteRunner.java:240)
	at org.testng.SuiteRunnerWorker.runSuite(SuiteRunnerWorker.java:52)
	at org.testng.SuiteRunnerWorker.run(SuiteRunnerWorker.java:86)
	at org.testng.TestNG.runSuitesSequentially(TestNG.java:1198)
	at org.testng.TestNG.runSuitesLocally(TestNG.java:1123)
	at org.testng.TestNG.run(TestNG.java:1031)
	at org.testng.remote.AbstractRemoteTestNG.run(AbstractRemoteTestNG.java:114)
	at org.testng.remote.RemoteTestNG.initAndRun(RemoteTestNG.java:251)
	at org.testng.remote.RemoteTestNG.main(RemoteTestNG.java:77)
Caused by: groovy.json.JsonException: Lexing failed on line: 1, column: 1, while reading '<', no possible valid JSON value or punctuation could be recognized.
	at groovy.json.JsonLexer.nextToken(JsonLexer.java:83)
	at groovy.json.JsonLexer$nextToken.call(Unknown Source)
	at io.restassured.internal.path.json.ConfigurableJsonSlurper.parse(ConfigurableJsonSlurper.groovy:97)
	at io.restassured.internal.path.json.ConfigurableJsonSlurper$parse.callCurrent(Unknown Source)
	at io.restassured.internal.path.json.ConfigurableJsonSlurper.parseText(ConfigurableJsonSlurper.groovy:83)
	at io.restassured.path.json.JsonPath$4$1.method(JsonPath.java:893)
	at io.restassured.path.json.JsonPath$ExceptionCatcher.invoke(JsonPath.java:928)
	... 28 more
]]>
    </failure>
  </testcase> <!-- endToEnd -->
  <testcase name="itemTypeFields" time="1.531" classname="TestSute.ManualEntryWithAPI"/>
  <testcase name="itemTypeCreatorTypes" time="1.368" classname="TestSute.ManualEntryWithAPI"/>
  <testcase name="itemTypeFields" time="1.528" classname="TestSute.ManualEntryWithAPI"/>
  <testcase name="itemTypeCreatorTypes" time="1.344" classname="TestSute.ManualEntryWithAPI"/>
  <testcase name="itemTypeCreatorTypes" time="1.351" classname="TestSute.ManualEntryWithAPI"/>
  <testcase name="itemTypeFields" time="1.332" classname="TestSute.ManualEntryWithAPI"/>
  <testcase name="itemTypeCreatorTypes" time="1.434" classname="TestSute.ManualEntryWithAPI"/>
  <testcase name="itemTypeCreatorTypes" time="1.322" classname="TestSute.ManualEntryWithAPI"/>
  <testcase name="itemTypeFields" time="1.378" classname="TestSute.ManualEntryWithAPI"/>
  <testcase name="itemTypeCreatorTypes" time="1.323" classname="TestSute.ManualEntryWithAPI"/>
  <testcase name="itemTypeCreatorTypes" time="1.389" classname="TestSute.ManualEntryWithAPI"/>
  <testcase name="itemTypeFields" time="1.515" classname="TestSute.ManualEntryWithAPI"/>
  <testcase name="itemTypeCreatorTypes" time="1.342" classname="TestSute.ManualEntryWithAPI"/>
  <testcase name="itemTypeFields" time="1.356" classname="TestSute.ManualEntryWithAPI"/>
  <testcase name="itemTypeFields" time="1.352" classname="TestSute.ManualEntryWithAPI"/>
  <testcase name="itemTypeFields" time="1.333" classname="TestSute.ManualEntryWithAPI"/>
  <testcase name="itemTypeFields" time="1.502" classname="TestSute.ManualEntryWithAPI"/>
  <testcase name="itemTypeCreatorTypes" time="1.311" classname="TestSute.ManualEntryWithAPI"/>
  <testcase name="itemTypeFields" time="1.338" classname="TestSute.ManualEntryWithAPI"/>
  <testcase name="itemTypeFields" time="1.532" classname="TestSute.ManualEntryWithAPI"/>
  <testcase name="itemTypeFields" time="1.288" classname="TestSute.ManualEntryWithAPI"/>
  <testcase name="itemTypeCreatorTypes" time="1.332" classname="TestSute.ManualEntryWithAPI"/>
  <testcase name="itemTypeFields" time="1.460" classname="TestSute.ManualEntryWithAPI"/>
  <testcase name="itemTypeFields" time="1.348" classname="TestSute.ManualEntryWithAPI"/>
  <testcase name="itemTypeCreatorTypes" time="1.299" classname="TestSute.ManualEntryWithAPI"/>
  <testcase name="itemTypeFields" time="1.482" classname="TestSute.ManualEntryWithAPI"/>
  <testcase name="itemTypeCreatorTypes" time="1.317" classname="TestSute.ManualEntryWithAPI"/>
  <testcase name="itemTypeCreatorTypes" time="1.400" classname="TestSute.ManualEntryWithAPI"/>
  <testcase name="itemTypeCreatorTypes" time="1.428" classname="TestSute.ManualEntryWithAPI"/>
  <testcase name="itemTypeCreatorTypes" time="1.426" classname="TestSute.ManualEntryWithAPI"/>
  <testcase name="itemTypeCreatorTypes" time="1.334" classname="TestSute.ManualEntryWithAPI"/>
</testsuite> <!-- TestSute.ManualEntryWithAPI -->
