<?xml version="1.0" encoding="UTF-8"?>
<!-- Generated by org.testng.reporters.JUnitReportReporter -->
<testsuite hostname="LT-CHN-33875" name="TestSute.ManualEntry" tests="1" failures="0" timestamp="21 Mar 2021 17:24:48 GMT" time="7.022" errors="0">
  <testcase name="updateExcelFieds" time="7.022" classname="TestSute.ManualEntry"/>
</testsuite> <!-- TestSute.ManualEntry -->
