<?xml version="1.0" encoding="UTF-8"?>
<!-- Generated by org.testng.reporters.JUnitReportReporter -->
<testsuite hostname="LT-CHN-33875" name="TestSute.ManualEntryWithSel" tests="1" failures="0" timestamp="21 Mar 2021 21:58:43 GMT" time="29.766" errors="0">
  <testcase name="zoteroBib" time="29.766" classname="TestSute.ManualEntryWithSel"/>
</testsuite> <!-- TestSute.ManualEntryWithSel -->
