<?xml version="1.0" encoding="UTF-8"?>
<!-- Generated by org.testng.reporters.JUnitReportReporter -->
<testsuite hostname="LT-CHN-33875" name="TestSute.ManualEntryWithAPI" tests="71" failures="2" timestamp="21 Mar 2021 22:37:27 GMT" time="173.203" errors="0">
  <testcase name="itemTypeCreatorTypes" time="1.425" classname="TestSute.ManualEntryWithAPI"/>
  <testcase name="itemTypeCreatorTypes" time="1.438" classname="TestSute.ManualEntryWithAPI"/>
  <testcase name="itemTypeCreatorTypes" time="2.060" classname="TestSute.ManualEntryWithAPI"/>
  <testcase name="itemTypeCreatorTypes" time="1.431" classname="TestSute.ManualEntryWithAPI"/>
  <testcase name="itemTypeFields" time="1.341" classname="TestSute.ManualEntryWithAPI"/>
  <testcase name="itemTypeCreatorTypes" time="1.318" classname="TestSute.ManualEntryWithAPI"/>
  <testcase name="itemTypeFields" time="1.363" classname="TestSute.ManualEntryWithAPI"/>
  <testcase name="endToEnd" time="71.623" classname="TestSute.ManualEntryWithAPI">
    <failure type="io.restassured.path.json.exception.JsonPathException" message="Failed to parse the JSON document">
      <![CDATA[io.restassured.path.json.exception.JsonPathException: Failed to parse the JSON document
	at io.restassured.path.json.JsonPath$ExceptionCatcher.invoke(JsonPath.java:930)
	at io.restassured.path.json.JsonPath$4.doParseWith(JsonPath.java:895)
	at io.restassured.path.json.JsonPath$JsonParser.parseWith(JsonPath.java:975)
	at io.restassured.path.json.JsonPath.get(JsonPath.java:201)
	at TestSute.ManualEntryWithAPI.endToEnd(ManualEntryWithAPI.java:211)
	at sun.reflect.NativeMethodAccessorImpl.invoke0(Native Method)
	at sun.reflect.NativeMethodAccessorImpl.invoke(Unknown Source)
	at sun.reflect.DelegatingMethodAccessorImpl.invoke(Unknown Source)
	at java.lang.reflect.Method.invoke(Unknown Source)
	at org.testng.internal.MethodInvocationHelper.invokeMethod(MethodInvocationHelper.java:80)
	at org.testng.internal.Invoker.invokeMethod(Invoker.java:714)
	at org.testng.internal.Invoker.invokeTestMethod(Invoker.java:901)
	at org.testng.internal.Invoker.invokeTestMethods(Invoker.java:1231)
	at org.testng.internal.TestMethodWorker.invokeTestMethods(TestMethodWorker.java:127)
	at org.testng.internal.TestMethodWorker.run(TestMethodWorker.java:111)
	at org.testng.TestRunner.privateRun(TestRunner.java:767)
	at org.testng.TestRunner.run(TestRunner.java:617)
	at org.testng.SuiteRunner.runTest(SuiteRunner.java:334)
	at org.testng.SuiteRunner.runSequentially(SuiteRunner.java:329)
	at org.testng.SuiteRunner.privateRun(SuiteRunner.java:291)
	at org.testng.SuiteRunner.run(SuiteRunner.java:240)
	at org.testng.SuiteRunnerWorker.runSuite(SuiteRunnerWorker.java:52)
	at org.testng.SuiteRunnerWorker.run(SuiteRunnerWorker.java:86)
	at org.testng.TestNG.runSuitesSequentially(TestNG.java:1198)
	at org.testng.TestNG.runSuitesLocally(TestNG.java:1123)
	at org.testng.TestNG.run(TestNG.java:1031)
	at org.testng.remote.AbstractRemoteTestNG.run(AbstractRemoteTestNG.java:114)
	at org.testng.remote.RemoteTestNG.initAndRun(RemoteTestNG.java:251)
	at org.testng.remote.RemoteTestNG.main(RemoteTestNG.java:77)
Caused by: groovy.json.JsonException: Lexing failed on line: 1, column: 1, while reading '<', no possible valid JSON value or punctuation could be recognized.
	at groovy.json.JsonLexer.nextToken(JsonLexer.java:83)
	at groovy.json.JsonLexer$nextToken.call(Unknown Source)
	at io.restassured.internal.path.json.ConfigurableJsonSlurper.parse(ConfigurableJsonSlurper.groovy:97)
	at io.restassured.internal.path.json.ConfigurableJsonSlurper$parse.callCurrent(Unknown Source)
	at io.restassured.internal.path.json.ConfigurableJsonSlurper.parseText(ConfigurableJsonSlurper.groovy:83)
	at io.restassured.path.json.JsonPath$4$1.method(JsonPath.java:893)
	at io.restassured.path.json.JsonPath$ExceptionCatcher.invoke(JsonPath.java:928)
	... 28 more
]]>
    </failure>
  </testcase> <!-- endToEnd -->
  <testcase name="itemTypeCreatorTypes" time="2.238" classname="TestSute.ManualEntryWithAPI">
    <failure type="io.restassured.path.json.exception.JsonPathException" message="Failed to parse the JSON document">
      <![CDATA[io.restassured.path.json.exception.JsonPathException: Failed to parse the JSON document
	at io.restassured.path.json.JsonPath$ExceptionCatcher.invoke(JsonPath.java:930)
	at io.restassured.path.json.JsonPath$4.doParseWith(JsonPath.java:895)
	at io.restassured.path.json.JsonPath$JsonParser.parseWith(JsonPath.java:975)
	at io.restassured.path.json.JsonPath.get(JsonPath.java:201)
	at TestSute.ManualEntryWithAPI.itemTypeCreatorTypes(ManualEntryWithAPI.java:167)
	at sun.reflect.GeneratedMethodAccessor146.invoke(Unknown Source)
	at sun.reflect.DelegatingMethodAccessorImpl.invoke(Unknown Source)
	at java.lang.reflect.Method.invoke(Unknown Source)
	at org.testng.internal.MethodInvocationHelper.invokeMethod(MethodInvocationHelper.java:80)
	at org.testng.internal.Invoker.invokeMethod(Invoker.java:714)
	at org.testng.internal.Invoker.invokeTestMethod(Invoker.java:901)
	at org.testng.internal.Invoker.invokeTestMethods(Invoker.java:1231)
	at org.testng.internal.TestMethodWorker.invokeTestMethods(TestMethodWorker.java:127)
	at org.testng.internal.TestMethodWorker.run(TestMethodWorker.java:111)
	at org.testng.TestRunner.privateRun(TestRunner.java:767)
	at org.testng.TestRunner.run(TestRunner.java:617)
	at org.testng.SuiteRunner.runTest(SuiteRunner.java:334)
	at org.testng.SuiteRunner.runSequentially(SuiteRunner.java:329)
	at org.testng.SuiteRunner.privateRun(SuiteRunner.java:291)
	at org.testng.SuiteRunner.run(SuiteRunner.java:240)
	at org.testng.SuiteRunnerWorker.runSuite(SuiteRunnerWorker.java:52)
	at org.testng.SuiteRunnerWorker.run(SuiteRunnerWorker.java:86)
	at org.testng.TestNG.runSuitesSequentially(TestNG.java:1198)
	at org.testng.TestNG.runSuitesLocally(TestNG.java:1123)
	at org.testng.TestNG.run(TestNG.java:1031)
	at org.testng.remote.AbstractRemoteTestNG.run(AbstractRemoteTestNG.java:114)
	at org.testng.remote.RemoteTestNG.initAndRun(RemoteTestNG.java:251)
	at org.testng.remote.RemoteTestNG.main(RemoteTestNG.java:77)
Caused by: groovy.json.JsonException: Lexing failed on line: 1, column: 1, while reading '<', no possible valid JSON value or punctuation could be recognized.
	at groovy.json.JsonLexer.nextToken(JsonLexer.java:83)
	at groovy.json.JsonLexer$nextToken.call(Unknown Source)
	at io.restassured.internal.path.json.ConfigurableJsonSlurper.parse(ConfigurableJsonSlurper.groovy:97)
	at io.restassured.internal.path.json.ConfigurableJsonSlurper$parse.callCurrent(Unknown Source)
	at io.restassured.internal.path.json.ConfigurableJsonSlurper.parseText(ConfigurableJsonSlurper.groovy:83)
	at io.restassured.path.json.JsonPath$4$1.method(JsonPath.java:893)
	at io.restassured.path.json.JsonPath$ExceptionCatcher.invoke(JsonPath.java:928)
	... 27 more
]]>
    </failure>
  </testcase> <!-- itemTypeCreatorTypes -->
  <testcase name="itemTypeFields" time="1.367" classname="TestSute.ManualEntryWithAPI"/>
  <testcase name="itemTypeFields" time="1.354" classname="TestSute.ManualEntryWithAPI"/>
  <testcase name="itemTypeFields" time="1.492" classname="TestSute.ManualEntryWithAPI"/>
  <testcase name="itemTypeFields" time="3.653" classname="TestSute.ManualEntryWithAPI"/>
  <testcase name="itemTypeCreatorTypes" time="1.346" classname="TestSute.ManualEntryWithAPI"/>
  <testcase name="itemTypeCreatorTypes" time="1.427" classname="TestSute.ManualEntryWithAPI"/>
  <testcase name="itemTypeCreatorTypes" time="1.413" classname="TestSute.ManualEntryWithAPI"/>
  <testcase name="itemTypeFields" time="1.315" classname="TestSute.ManualEntryWithAPI"/>
  <testcase name="itemTypeFields" time="1.331" classname="TestSute.ManualEntryWithAPI"/>
  <testcase name="itemTypeFields" time="1.325" classname="TestSute.ManualEntryWithAPI"/>
  <testcase name="itemTypeCreatorTypes" time="1.296" classname="TestSute.ManualEntryWithAPI"/>
  <testcase name="itemTypeFields" time="1.342" classname="TestSute.ManualEntryWithAPI"/>
  <testcase name="itemTypeCreatorTypes" time="1.353" classname="TestSute.ManualEntryWithAPI"/>
  <testcase name="itemTypeCreatorTypes" time="1.468" classname="TestSute.ManualEntryWithAPI"/>
  <testcase name="itemTypeFields" time="1.429" classname="TestSute.ManualEntryWithAPI"/>
  <testcase name="itemTypeCreatorTypes" time="1.489" classname="TestSute.ManualEntryWithAPI"/>
  <testcase name="itemTypeCreatorTypes" time="1.330" classname="TestSute.ManualEntryWithAPI"/>
  <testcase name="itemTypeCreatorTypes" time="2.064" classname="TestSute.ManualEntryWithAPI"/>
  <testcase name="itemTypeFields" time="1.345" classname="TestSute.ManualEntryWithAPI"/>
  <testcase name="itemTypeCreatorTypes" time="1.407" classname="TestSute.ManualEntryWithAPI"/>
  <testcase name="itemTypeFields" time="1.420" classname="TestSute.ManualEntryWithAPI"/>
  <testcase name="itemTypeCreatorTypes" time="1.401" classname="TestSute.ManualEntryWithAPI"/>
  <testcase name="itemTypeCreatorTypes" time="1.487" classname="TestSute.ManualEntryWithAPI"/>
  <testcase name="itemTypeFields" time="1.332" classname="TestSute.ManualEntryWithAPI"/>
  <testcase name="itemTypeFields" time="1.360" classname="TestSute.ManualEntryWithAPI"/>
  <testcase name="itemTypeFields" time="1.333" classname="TestSute.ManualEntryWithAPI"/>
  <testcase name="itemTypeFields" time="1.331" classname="TestSute.ManualEntryWithAPI"/>
  <testcase name="itemTypeCreatorTypes" time="1.345" classname="TestSute.ManualEntryWithAPI"/>
  <testcase name="itemTypeCreatorTypes" time="1.425" classname="TestSute.ManualEntryWithAPI"/>
  <testcase name="itemTypeFields" time="1.362" classname="TestSute.ManualEntryWithAPI"/>
  <testcase name="itemTypeFields" time="1.370" classname="TestSute.ManualEntryWithAPI"/>
  <testcase name="itemTypeCreatorTypes" time="1.441" classname="TestSute.ManualEntryWithAPI"/>
  <testcase name="itemTypeFields" time="1.310" classname="TestSute.ManualEntryWithAPI"/>
  <testcase name="itemTypeCreatorTypes" time="1.399" classname="TestSute.ManualEntryWithAPI"/>
  <testcase name="itemTypeFields" time="1.363" classname="TestSute.ManualEntryWithAPI"/>
  <testcase name="itemTypeFields" time="1.336" classname="TestSute.ManualEntryWithAPI"/>
  <testcase name="itemTypeCreatorTypes" time="1.450" classname="TestSute.ManualEntryWithAPI"/>
  <testcase name="itemTypeCreatorTypes" time="1.474" classname="TestSute.ManualEntryWithAPI"/>
  <testcase name="itemTypeCreatorTypes" time="1.405" classname="TestSute.ManualEntryWithAPI"/>
  <testcase name="itemTypeFields" time="1.803" classname="TestSute.ManualEntryWithAPI"/>
  <testcase name="itemTypeCreatorTypes" time="1.401" classname="TestSute.ManualEntryWithAPI"/>
  <testcase name="itemTypeFields" time="1.521" classname="TestSute.ManualEntryWithAPI"/>
  <testcase name="itemTypeFields" time="1.377" classname="TestSute.ManualEntryWithAPI"/>
  <testcase name="itemTypeCreatorTypes" time="1.396" classname="TestSute.ManualEntryWithAPI"/>
  <testcase name="itemTypeCreatorTypes" time="1.391" classname="TestSute.ManualEntryWithAPI"/>
  <testcase name="itemTypeFields" time="1.333" classname="TestSute.ManualEntryWithAPI"/>
  <testcase name="itemTypeCreatorTypes" time="1.309" classname="TestSute.ManualEntryWithAPI"/>
  <testcase name="itemTypeCreatorTypes" time="1.435" classname="TestSute.ManualEntryWithAPI"/>
  <testcase name="itemTypeCreatorTypes" time="1.449" classname="TestSute.ManualEntryWithAPI"/>
  <testcase name="itemTypeCreatorTypes" time="1.420" classname="TestSute.ManualEntryWithAPI"/>
  <testcase name="itemTypeFields" time="1.409" classname="TestSute.ManualEntryWithAPI"/>
  <testcase name="itemTypeFields" time="1.360" classname="TestSute.ManualEntryWithAPI"/>
  <testcase name="itemTypeCreatorTypes" time="1.452" classname="TestSute.ManualEntryWithAPI"/>
  <testcase name="itemTypeFields" time="1.356" classname="TestSute.ManualEntryWithAPI"/>
  <testcase name="itemTypeFields" time="1.340" classname="TestSute.ManualEntryWithAPI"/>
  <testcase name="itemTypeFields" time="1.293" classname="TestSute.ManualEntryWithAPI"/>
  <testcase name="itemTypeCreatorTypes" time="1.345" classname="TestSute.ManualEntryWithAPI"/>
  <testcase name="itemTypeFields" time="1.363" classname="TestSute.ManualEntryWithAPI"/>
  <testcase name="itemTypeFields" time="1.325" classname="TestSute.ManualEntryWithAPI"/>
  <testcase name="itemTypeCreatorTypes" time="1.322" classname="TestSute.ManualEntryWithAPI"/>
  <testcase name="itemTypeFields" time="1.335" classname="TestSute.ManualEntryWithAPI"/>
  <testcase name="itemTypeFields" time="1.341" classname="TestSute.ManualEntryWithAPI"/>
</testsuite> <!-- TestSute.ManualEntryWithAPI -->
